<?xml version="1.0" encoding="UTF-8"?>
<!-- Generated by org.testng.reporters.JUnitXMLReporter -->
<testsuite ignored="0" hostname="DESKTOP-TC1RHQ8" failures="1" tests="1" name="Chrome(failed)" time="12.282" errors="0" timestamp="09 Feb 2023 09:58:54 GMT">
  <testcase classname="TestNGSuitesAssert.SignUpPageAssert" name="validateFirstNameTab" time="3.413">
    <failure type="java.lang.AssertionError" message="The following asserts failed:
	null,
	validation failed expected [First nam] but found [First name]">
      <![CDATA[java.lang.AssertionError: The following asserts failed:
null,
validation failed expected [First nam] but found [First name]
at TestNGSuitesAssert.SignUpPageAssert.validateFirstNameTab(SignUpPageAssert.java:64)
... Removed 24 stack frames]]>
    </failure>
  </testcase> <!-- validateFirstNameTab -->
</testsuite> <!-- Chrome(failed) -->
