<?xml version="1.0" encoding="UTF-8"?>
<!-- Generated by org.testng.reporters.JUnitXMLReporter -->
<testsuite ignored="16" hostname="DESKTOP-TC1RHQ8" failures="0" tests="2" name="Test(failed)" time="0.113" errors="0" timestamp="06 Feb 2023 10:49:57 GMT">
  <testcase classname="TestNGSuitesAssert.ForgetPageSuiteTestAssert" name="@BeforeTest beforeClass" time="0.0">
    <failure type="org.testng.TestNGException" message="
Parameter &amp;apos;browser&amp;apos; is required by BeforeTest on method beforeClass but has not been marked @Optional or defined
in C:\Users\AKASH\eclipse-workspace\MavenProject_Facebook\test-output\testng-failed.xml">
      <![CDATA[org.testng.TestNGException: 
Parameter 'browser' is required by BeforeTest on method beforeClass but has not been marked @Optional or defined
in C:\Users\AKASH\eclipse-workspace\MavenProject_Facebook\test-output\testng-failed.xml
... Removed 21 stack frames]]>
    </failure>
  </testcase> <!-- @BeforeTest beforeClass -->
  <testcase classname="TestNGSuitesAssert.LoginPageSuiteTestAssert" name="@BeforeTest beforeClass" time="0.0">
    <skipped/>
  </testcase> <!-- @BeforeTest beforeClass -->
  <testcase classname="TestNGSuitesAssert.ForgetPageSuiteTestAssert" name="@BeforeMethod beforeMethod" time="0.0">
    <skipped/>
  </testcase> <!-- @BeforeMethod beforeMethod -->
  <testcase classname="TestNGSuitesAssert.ForgetPageSuiteTestAssert" name="@AfterMethod afterMethod" time="0.0">
    <skipped/>
  </testcase> <!-- @AfterMethod afterMethod -->
  <testcase classname="TestNGSuitesAssert.LoginPageSuiteTestAssert" name="@BeforeMethod beforeMethod" time="0.0">
    <skipped/>
  </testcase> <!-- @BeforeMethod beforeMethod -->
  <testcase classname="TestNGSuitesAssert.LoginPageSuiteTestAssert" name="@AfterMethod afterMethod" time="0.0">
    <skipped/>
  </testcase> <!-- @AfterMethod afterMethod -->
  <testcase classname="TestNGSuitesAssert.ForgetPageSuiteTestAssert" name="@AfterTest afterClass" time="0.0">
    <skipped/>
  </testcase> <!-- @AfterTest afterClass -->
  <testcase classname="TestNGSuitesAssert.LoginPageSuiteTestAssert" name="@AfterTest afterClass" time="0.0">
    <skipped/>
  </testcase> <!-- @AfterTest afterClass -->
  <testcase classname="TestNGSuitesAssert.ForgetPageSuiteTestAssert" name="title" time="0.0">
    <skipped/>
  </testcase> <!-- title -->
  <testcase classname="TestNGSuitesAssert.LoginPageSuiteTestAssert" name="title" time="0.0">
    <skipped/>
  </testcase> <!-- title -->
  <testcase classname="TestNGSuitesAssert.LoginPageSuiteTestAssert" name="userNameTab" time="0.0">
    <ignored/>
  </testcase> <!-- userNameTab -->
  <testcase classname="TestNGSuitesAssert.ForgetPageSuiteTestAssert" name="username" time="0.0">
    <ignored/>
  </testcase> <!-- username -->
  <testcase classname="TestNGSuitesAssert.ForgetPageSuiteTestAssert" name="clickOnSearchButton" time="0.0">
    <ignored/>
  </testcase> <!-- clickOnSearchButton -->
  <testcase classname="TestNGSuitesAssert.LoginPageSuiteTestAssert" name="passwordTab" time="0.0">
    <ignored/>
  </testcase> <!-- passwordTab -->
  <testcase classname="TestNGSuitesAssert.ForgetPageSuiteTestAssert" name="clickOnCancelButton" time="0.0">
    <ignored/>
  </testcase> <!-- clickOnCancelButton -->
  <testcase classname="TestNGSuitesAssert.LoginPageSuiteTestAssert" name="tagName" time="0.0">
    <ignored/>
  </testcase> <!-- tagName -->
  <testcase classname="TestNGSuitesAssert.LoginPageSuiteTestAssert" name="loginButton" time="0.0">
    <ignored/>
  </testcase> <!-- loginButton -->
  <testcase classname="TestNGSuitesAssert.ForgetPageSuiteTestAssert" name="webPageTitle" time="0.0">
    <ignored/>
  </testcase> <!-- webPageTitle -->
  <testcase classname="TestNGSuitesAssert.ForgetPageSuiteTestAssert" name="isEnabledSearchButton" time="0.0">
    <ignored/>
  </testcase> <!-- isEnabledSearchButton -->
  <testcase classname="TestNGSuitesAssert.ForgetPageSuiteTestAssert" name="isEnabledCancelButton" time="0.0">
    <ignored/>
  </testcase> <!-- isEnabledCancelButton -->
  <testcase classname="TestNGSuitesAssert.ForgetPageSuiteTestAssert" name="SearchButtonTag" time="0.0">
    <ignored/>
  </testcase> <!-- SearchButtonTag -->
  <testcase classname="TestNGSuitesAssert.LoginPageSuiteTestAssert" name="url" time="0.0">
    <ignored/>
  </testcase> <!-- url -->
  <testcase classname="TestNGSuitesAssert.LoginPageSuiteTestAssert" name="createNewAcct" time="0.0">
    <ignored/>
  </testcase> <!-- createNewAcct -->
  <testcase classname="TestNGSuitesAssert.ForgetPageSuiteTestAssert" name="tagName" time="0.0">
    <ignored/>
  </testcase> <!-- tagName -->
  <testcase classname="TestNGSuitesAssert.ForgetPageSuiteTestAssert" name="userNameTag" time="0.0">
    <ignored/>
  </testcase> <!-- userNameTag -->
  <testcase classname="TestNGSuitesAssert.ForgetPageSuiteTestAssert" name="webPageURl" time="0.0">
    <ignored/>
  </testcase> <!-- webPageURl -->
</testsuite> <!-- Test(failed) -->
