<?xml version="1.0" encoding="UTF-8"?>
<!-- Generated by org.testng.reporters.JUnitReportReporter -->
<testsuite hostname="DESKTOP-TC1RHQ8" failures="0" tests="23" name="TestNGSuites.LoginPageSuiteTest" time="4.182" errors="2" timestamp="12 Feb 2023 15:45:05 GMT" skipped="21">
  <testcase classname="TestNGSuites.LoginPageSuiteTest" name="beforeMethod" time="2.421">
    <error message="&#039;void org.openqa.selenium.support.PageFactory.initElements(org.openqa.selenium.WebDriver, java.lang.Object)&#039;" type="java.lang.NoSuchMethodError">
      <![CDATA[java.lang.NoSuchMethodError: 'void org.openqa.selenium.support.PageFactory.initElements(org.openqa.selenium.WebDriver, java.lang.Object)'
at PomClasses.LoginOrSignUpPage.<init>(LoginOrSignUpPage.java:33)
at TestNGSuites.LoginPageSuiteTest.beforeMethod(LoginPageSuiteTest.java:52)
at java.base/jdk.internal.reflect.DirectMethodHandleAccessor.invoke(DirectMethodHandleAccessor.java:104)
at java.base/java.lang.reflect.Method.invoke(Method.java:577)
at org.testng.internal.MethodInvocationHelper.invokeMethod(MethodInvocationHelper.java:124)
at org.testng.internal.MethodInvocationHelper.invokeMethodConsideringTimeout(MethodInvocationHelper.java:59)
at org.testng.internal.Invoker.invokeConfigurationMethod(Invoker.java:458)
at org.testng.internal.Invoker.invokeConfigurations(Invoker.java:222)
at org.testng.internal.Invoker.invokeMethod(Invoker.java:523)
at org.testng.internal.Invoker.invokeTestMethod(Invoker.java:719)
at org.testng.internal.Invoker.invokeTestMethods(Invoker.java:989)
at org.testng.internal.TestMethodWorker.invokeTestMethods(TestMethodWorker.java:125)
at org.testng.internal.TestMethodWorker.run(TestMethodWorker.java:109)
at java.base/java.util.concurrent.ThreadPoolExecutor.runWorker(ThreadPoolExecutor.java:1136)
at java.base/java.util.concurrent.ThreadPoolExecutor$Worker.run(ThreadPoolExecutor.java:635)
at java.base/java.lang.Thread.run(Thread.java:833)
]]>
    </error>
  </testcase> <!-- beforeMethod -->
  <testcase classname="TestNGSuites.LoginPageSuiteTest" name="beforeMethod" time="1.761">
    <error message="&#039;void org.openqa.selenium.support.PageFactory.initElements(org.openqa.selenium.WebDriver, java.lang.Object)&#039;" type="java.lang.NoSuchMethodError">
      <![CDATA[java.lang.NoSuchMethodError: 'void org.openqa.selenium.support.PageFactory.initElements(org.openqa.selenium.WebDriver, java.lang.Object)'
at PomClasses.LoginOrSignUpPage.<init>(LoginOrSignUpPage.java:33)
at TestNGSuites.LoginPageSuiteTest.beforeMethod(LoginPageSuiteTest.java:52)
at java.base/jdk.internal.reflect.DirectMethodHandleAccessor.invoke(DirectMethodHandleAccessor.java:104)
at java.base/java.lang.reflect.Method.invoke(Method.java:577)
at org.testng.internal.MethodInvocationHelper.invokeMethod(MethodInvocationHelper.java:124)
at org.testng.internal.MethodInvocationHelper.invokeMethodConsideringTimeout(MethodInvocationHelper.java:59)
at org.testng.internal.Invoker.invokeConfigurationMethod(Invoker.java:458)
at org.testng.internal.Invoker.invokeConfigurations(Invoker.java:222)
at org.testng.internal.Invoker.invokeMethod(Invoker.java:523)
at org.testng.internal.Invoker.invokeTestMethod(Invoker.java:719)
at org.testng.internal.Invoker.invokeTestMethods(Invoker.java:989)
at org.testng.internal.TestMethodWorker.invokeTestMethods(TestMethodWorker.java:125)
at org.testng.internal.TestMethodWorker.run(TestMethodWorker.java:109)
at java.base/java.util.concurrent.ThreadPoolExecutor.runWorker(ThreadPoolExecutor.java:1136)
at java.base/java.util.concurrent.ThreadPoolExecutor$Worker.run(ThreadPoolExecutor.java:635)
at java.base/java.lang.Thread.run(Thread.java:833)
]]>
    </error>
  </testcase> <!-- beforeMethod -->
  <testcase classname="TestNGSuites.LoginPageSuiteTest" name="title" time="0.000">
    <skipped/>
  </testcase> <!-- title -->
  <testcase classname="TestNGSuites.LoginPageSuiteTest" name="title" time="0.000">
    <skipped/>
  </testcase> <!-- title -->
  <testcase classname="TestNGSuites.LoginPageSuiteTest" name="title" time="0.000">
    <skipped/>
  </testcase> <!-- title -->
  <testcase classname="TestNGSuites.LoginPageSuiteTest" name="url" time="0.000">
    <skipped/>
  </testcase> <!-- url -->
  <testcase classname="TestNGSuites.LoginPageSuiteTest" name="url" time="0.000">
    <skipped/>
  </testcase> <!-- url -->
  <testcase classname="TestNGSuites.LoginPageSuiteTest" name="url" time="0.000">
    <skipped/>
  </testcase> <!-- url -->
  <testcase classname="TestNGSuites.LoginPageSuiteTest" name="tagName" time="0.000">
    <skipped/>
  </testcase> <!-- tagName -->
  <testcase classname="TestNGSuites.LoginPageSuiteTest" name="tagName" time="0.000">
    <skipped/>
  </testcase> <!-- tagName -->
  <testcase classname="TestNGSuites.LoginPageSuiteTest" name="tagName" time="0.000">
    <skipped/>
  </testcase> <!-- tagName -->
  <testcase classname="TestNGSuites.LoginPageSuiteTest" name="userNameTab" time="0.000">
    <skipped/>
  </testcase> <!-- userNameTab -->
  <testcase classname="TestNGSuites.LoginPageSuiteTest" name="userNameTab" time="0.000">
    <skipped/>
  </testcase> <!-- userNameTab -->
  <testcase classname="TestNGSuites.LoginPageSuiteTest" name="userNameTab" time="0.000">
    <skipped/>
  </testcase> <!-- userNameTab -->
  <testcase classname="TestNGSuites.LoginPageSuiteTest" name="passwordTab" time="0.000">
    <skipped/>
  </testcase> <!-- passwordTab -->
  <testcase classname="TestNGSuites.LoginPageSuiteTest" name="passwordTab" time="0.000">
    <skipped/>
  </testcase> <!-- passwordTab -->
  <testcase classname="TestNGSuites.LoginPageSuiteTest" name="passwordTab" time="0.000">
    <skipped/>
  </testcase> <!-- passwordTab -->
  <testcase classname="TestNGSuites.LoginPageSuiteTest" name="loginButton" time="0.000">
    <skipped/>
  </testcase> <!-- loginButton -->
  <testcase classname="TestNGSuites.LoginPageSuiteTest" name="loginButton" time="0.000">
    <skipped/>
  </testcase> <!-- loginButton -->
  <testcase classname="TestNGSuites.LoginPageSuiteTest" name="loginButton" time="0.000">
    <skipped/>
  </testcase> <!-- loginButton -->
  <testcase classname="TestNGSuites.LoginPageSuiteTest" name="createNewAcct" time="0.000">
    <skipped/>
  </testcase> <!-- createNewAcct -->
  <testcase classname="TestNGSuites.LoginPageSuiteTest" name="createNewAcct" time="0.000">
    <skipped/>
  </testcase> <!-- createNewAcct -->
  <testcase classname="TestNGSuites.LoginPageSuiteTest" name="createNewAcct" time="0.000">
    <skipped/>
  </testcase> <!-- createNewAcct -->
</testsuite> <!-- TestNGSuites.LoginPageSuiteTest -->
