<?xml version="1.0" encoding="UTF-8"?>
<!-- Generated by org.testng.reporters.JUnitReportReporter -->
<testsuite hostname="DESKTOP-TC1RHQ8" failures="0" tests="36" name="TestNGSuites.ForgetPageSuiteTest" time="6.675" errors="3" timestamp="12 Feb 2023 15:45:05 GMT" skipped="33">
  <testcase classname="TestNGSuites.ForgetPageSuiteTest" name="beforeClass" time="0.576">
    <error message="Could not start a new session. Response code 500. Message: Expected browser binary location, but unable to find binary in default location, no &#039;moz:firefoxOptions.binary&#039; capability provided, and no binary flag set on the command line 
Host info: host: &#039;DESKTOP-TC1RHQ8&#039;, ip: &#039;192.168.0.103&#039;
Build info: version: &#039;4.7.0&#039;, revision: &#039;52e3a49ea2&#039;
System info: os.name: &#039;Windows 10&#039;, os.arch: &#039;amd64&#039;, os.version: &#039;10.0&#039;, java.version: &#039;18.0.2.1&#039;
Driver info: org.openqa.selenium.firefox.FirefoxDriver
Command: [null, newSession {capabilities=[Capabilities {acceptInsecureCerts: true, browserName: firefox, moz:debuggerAddress: true, moz:firefoxOptions: {}}], desiredCapabilities=Capabilities {acceptInsecureCerts: true, browserName: firefox, moz:debuggerAddress: true, moz:firefoxOptions: {}}}]" type="org.openqa.selenium.SessionNotCreatedException">
      <![CDATA[org.openqa.selenium.SessionNotCreatedException: Could not start a new session. Response code 500. Message: Expected browser binary location, but unable to find binary in default location, no 'moz:firefoxOptions.binary' capability provided, and no binary flag set on the command line 
Host info: host: 'DESKTOP-TC1RHQ8', ip: '192.168.0.103'
Build info: version: '4.7.0', revision: '52e3a49ea2'
System info: os.name: 'Windows 10', os.arch: 'amd64', os.version: '10.0', java.version: '18.0.2.1'
Driver info: org.openqa.selenium.firefox.FirefoxDriver
Command: [null, newSession {capabilities=[Capabilities {acceptInsecureCerts: true, browserName: firefox, moz:debuggerAddress: true, moz:firefoxOptions: {}}], desiredCapabilities=Capabilities {acceptInsecureCerts: true, browserName: firefox, moz:debuggerAddress: true, moz:firefoxOptions: {}}}]
at org.openqa.selenium.remote.ProtocolHandshake.createSession(ProtocolHandshake.java:148)
at org.openqa.selenium.remote.ProtocolHandshake.createSession(ProtocolHandshake.java:106)
at org.openqa.selenium.remote.ProtocolHandshake.createSession(ProtocolHandshake.java:67)
at org.openqa.selenium.remote.HttpCommandExecutor.execute(HttpCommandExecutor.java:156)
at org.openqa.selenium.remote.service.DriverCommandExecutor.invokeExecute(DriverCommandExecutor.java:167)
at org.openqa.selenium.remote.service.DriverCommandExecutor.execute(DriverCommandExecutor.java:142)
at org.openqa.selenium.remote.RemoteWebDriver.execute(RemoteWebDriver.java:541)
at org.openqa.selenium.remote.RemoteWebDriver.startSession(RemoteWebDriver.java:242)
at org.openqa.selenium.remote.RemoteWebDriver.<init>(RemoteWebDriver.java:157)
at org.openqa.selenium.firefox.FirefoxDriver.<init>(FirefoxDriver.java:111)
at org.openqa.selenium.firefox.FirefoxDriver.<init>(FirefoxDriver.java:99)
at org.openqa.selenium.firefox.FirefoxDriver.<init>(FirefoxDriver.java:95)
at TestNGSuites.ForgetPageSuiteTest.beforeClass(ForgetPageSuiteTest.java:40)
at java.base/jdk.internal.reflect.DirectMethodHandleAccessor.invoke(DirectMethodHandleAccessor.java:104)
at java.base/java.lang.reflect.Method.invoke(Method.java:577)
at org.testng.internal.MethodInvocationHelper.invokeMethod(MethodInvocationHelper.java:124)
at org.testng.internal.MethodInvocationHelper.invokeMethodConsideringTimeout(MethodInvocationHelper.java:59)
at org.testng.internal.Invoker.invokeConfigurationMethod(Invoker.java:458)
at org.testng.internal.Invoker.invokeConfigurations(Invoker.java:222)
at org.testng.internal.Invoker.invokeConfigurations(Invoker.java:142)
at org.testng.TestRunner.beforeRun(TestRunner.java:529)
at org.testng.TestRunner.run(TestRunner.java:497)
at org.testng.SuiteRunner.runTest(SuiteRunner.java:455)
at org.testng.SuiteRunner.runSequentially(SuiteRunner.java:450)
at org.testng.SuiteRunner.privateRun(SuiteRunner.java:415)
at org.testng.SuiteRunner.run(SuiteRunner.java:364)
at org.testng.SuiteRunnerWorker.runSuite(SuiteRunnerWorker.java:52)
at org.testng.SuiteRunnerWorker.run(SuiteRunnerWorker.java:84)
at org.testng.TestNG.runSuitesSequentially(TestNG.java:1208)
at org.testng.TestNG.runSuitesLocally(TestNG.java:1137)
at org.testng.TestNG.runSuites(TestNG.java:1049)
at org.testng.TestNG.run(TestNG.java:1017)
at org.testng.remote.AbstractRemoteTestNG.run(AbstractRemoteTestNG.java:115)
at org.testng.remote.RemoteTestNG.initAndRun(RemoteTestNG.java:251)
at org.testng.remote.RemoteTestNG.main(RemoteTestNG.java:77)
]]>
    </error>
  </testcase> <!-- beforeClass -->
  <testcase classname="TestNGSuites.ForgetPageSuiteTest" name="beforeMethod" time="2.061">
    <error message="&#039;void org.openqa.selenium.support.PageFactory.initElements(org.openqa.selenium.WebDriver, java.lang.Object)&#039;" type="java.lang.NoSuchMethodError">
      <![CDATA[java.lang.NoSuchMethodError: 'void org.openqa.selenium.support.PageFactory.initElements(org.openqa.selenium.WebDriver, java.lang.Object)'
at PomClasses.ForgetPasswordPage.<init>(ForgetPasswordPage.java:29)
at TestNGSuites.ForgetPageSuiteTest.beforeMethod(ForgetPageSuiteTest.java:57)
at java.base/jdk.internal.reflect.DirectMethodHandleAccessor.invoke(DirectMethodHandleAccessor.java:104)
at java.base/java.lang.reflect.Method.invoke(Method.java:577)
at org.testng.internal.MethodInvocationHelper.invokeMethod(MethodInvocationHelper.java:124)
at org.testng.internal.MethodInvocationHelper.invokeMethodConsideringTimeout(MethodInvocationHelper.java:59)
at org.testng.internal.Invoker.invokeConfigurationMethod(Invoker.java:458)
at org.testng.internal.Invoker.invokeConfigurations(Invoker.java:222)
at org.testng.internal.Invoker.invokeMethod(Invoker.java:523)
at org.testng.internal.Invoker.invokeTestMethod(Invoker.java:719)
at org.testng.internal.Invoker.invokeTestMethods(Invoker.java:989)
at org.testng.internal.TestMethodWorker.invokeTestMethods(TestMethodWorker.java:125)
at org.testng.internal.TestMethodWorker.run(TestMethodWorker.java:109)
at java.base/java.util.concurrent.ThreadPoolExecutor.runWorker(ThreadPoolExecutor.java:1136)
at java.base/java.util.concurrent.ThreadPoolExecutor$Worker.run(ThreadPoolExecutor.java:635)
at java.base/java.lang.Thread.run(Thread.java:833)
]]>
    </error>
  </testcase> <!-- beforeMethod -->
  <testcase classname="TestNGSuites.ForgetPageSuiteTest" name="beforeMethod" time="4.038">
    <error message="&#039;void org.openqa.selenium.support.PageFactory.initElements(org.openqa.selenium.WebDriver, java.lang.Object)&#039;" type="java.lang.NoSuchMethodError">
      <![CDATA[java.lang.NoSuchMethodError: 'void org.openqa.selenium.support.PageFactory.initElements(org.openqa.selenium.WebDriver, java.lang.Object)'
at PomClasses.ForgetPasswordPage.<init>(ForgetPasswordPage.java:29)
at TestNGSuites.ForgetPageSuiteTest.beforeMethod(ForgetPageSuiteTest.java:57)
at java.base/jdk.internal.reflect.DirectMethodHandleAccessor.invoke(DirectMethodHandleAccessor.java:104)
at java.base/java.lang.reflect.Method.invoke(Method.java:577)
at org.testng.internal.MethodInvocationHelper.invokeMethod(MethodInvocationHelper.java:124)
at org.testng.internal.MethodInvocationHelper.invokeMethodConsideringTimeout(MethodInvocationHelper.java:59)
at org.testng.internal.Invoker.invokeConfigurationMethod(Invoker.java:458)
at org.testng.internal.Invoker.invokeConfigurations(Invoker.java:222)
at org.testng.internal.Invoker.invokeMethod(Invoker.java:523)
at org.testng.internal.Invoker.invokeTestMethod(Invoker.java:719)
at org.testng.internal.Invoker.invokeTestMethods(Invoker.java:989)
at org.testng.internal.TestMethodWorker.invokeTestMethods(TestMethodWorker.java:125)
at org.testng.internal.TestMethodWorker.run(TestMethodWorker.java:109)
at java.base/java.util.concurrent.ThreadPoolExecutor.runWorker(ThreadPoolExecutor.java:1136)
at java.base/java.util.concurrent.ThreadPoolExecutor$Worker.run(ThreadPoolExecutor.java:635)
at java.base/java.lang.Thread.run(Thread.java:833)
]]>
    </error>
  </testcase> <!-- beforeMethod -->
  <testcase classname="TestNGSuites.ForgetPageSuiteTest" name="title" time="0.000">
    <skipped/>
  </testcase> <!-- title -->
  <testcase classname="TestNGSuites.ForgetPageSuiteTest" name="title" time="0.000">
    <skipped/>
  </testcase> <!-- title -->
  <testcase classname="TestNGSuites.ForgetPageSuiteTest" name="title" time="0.000">
    <skipped/>
  </testcase> <!-- title -->
  <testcase classname="TestNGSuites.ForgetPageSuiteTest" name="tagName" time="0.000">
    <skipped/>
  </testcase> <!-- tagName -->
  <testcase classname="TestNGSuites.ForgetPageSuiteTest" name="tagName" time="0.000">
    <skipped/>
  </testcase> <!-- tagName -->
  <testcase classname="TestNGSuites.ForgetPageSuiteTest" name="tagName" time="0.000">
    <skipped/>
  </testcase> <!-- tagName -->
  <testcase classname="TestNGSuites.ForgetPageSuiteTest" name="username" time="0.000">
    <skipped/>
  </testcase> <!-- username -->
  <testcase classname="TestNGSuites.ForgetPageSuiteTest" name="username" time="0.000">
    <skipped/>
  </testcase> <!-- username -->
  <testcase classname="TestNGSuites.ForgetPageSuiteTest" name="username" time="0.000">
    <skipped/>
  </testcase> <!-- username -->
  <testcase classname="TestNGSuites.ForgetPageSuiteTest" name="userNameTag" time="0.000">
    <skipped/>
  </testcase> <!-- userNameTag -->
  <testcase classname="TestNGSuites.ForgetPageSuiteTest" name="userNameTag" time="0.000">
    <skipped/>
  </testcase> <!-- userNameTag -->
  <testcase classname="TestNGSuites.ForgetPageSuiteTest" name="userNameTag" time="0.000">
    <skipped/>
  </testcase> <!-- userNameTag -->
  <testcase classname="TestNGSuites.ForgetPageSuiteTest" name="isEnabledSearchButton" time="0.000">
    <skipped/>
  </testcase> <!-- isEnabledSearchButton -->
  <testcase classname="TestNGSuites.ForgetPageSuiteTest" name="isEnabledSearchButton" time="0.000">
    <skipped/>
  </testcase> <!-- isEnabledSearchButton -->
  <testcase classname="TestNGSuites.ForgetPageSuiteTest" name="isEnabledSearchButton" time="0.000">
    <skipped/>
  </testcase> <!-- isEnabledSearchButton -->
  <testcase classname="TestNGSuites.ForgetPageSuiteTest" name="SearchButtonTag" time="0.000">
    <skipped/>
  </testcase> <!-- SearchButtonTag -->
  <testcase classname="TestNGSuites.ForgetPageSuiteTest" name="SearchButtonTag" time="0.000">
    <skipped/>
  </testcase> <!-- SearchButtonTag -->
  <testcase classname="TestNGSuites.ForgetPageSuiteTest" name="SearchButtonTag" time="0.000">
    <skipped/>
  </testcase> <!-- SearchButtonTag -->
  <testcase classname="TestNGSuites.ForgetPageSuiteTest" name="clickOnSearchButton" time="0.000">
    <skipped/>
  </testcase> <!-- clickOnSearchButton -->
  <testcase classname="TestNGSuites.ForgetPageSuiteTest" name="clickOnSearchButton" time="0.000">
    <skipped/>
  </testcase> <!-- clickOnSearchButton -->
  <testcase classname="TestNGSuites.ForgetPageSuiteTest" name="clickOnSearchButton" time="0.000">
    <skipped/>
  </testcase> <!-- clickOnSearchButton -->
  <testcase classname="TestNGSuites.ForgetPageSuiteTest" name="isEnabledCancelButton" time="0.000">
    <skipped/>
  </testcase> <!-- isEnabledCancelButton -->
  <testcase classname="TestNGSuites.ForgetPageSuiteTest" name="isEnabledCancelButton" time="0.000">
    <skipped/>
  </testcase> <!-- isEnabledCancelButton -->
  <testcase classname="TestNGSuites.ForgetPageSuiteTest" name="isEnabledCancelButton" time="0.000">
    <skipped/>
  </testcase> <!-- isEnabledCancelButton -->
  <testcase classname="TestNGSuites.ForgetPageSuiteTest" name="clickOnCancelButton" time="0.000">
    <skipped/>
  </testcase> <!-- clickOnCancelButton -->
  <testcase classname="TestNGSuites.ForgetPageSuiteTest" name="clickOnCancelButton" time="0.000">
    <skipped/>
  </testcase> <!-- clickOnCancelButton -->
  <testcase classname="TestNGSuites.ForgetPageSuiteTest" name="clickOnCancelButton" time="0.000">
    <skipped/>
  </testcase> <!-- clickOnCancelButton -->
  <testcase classname="TestNGSuites.ForgetPageSuiteTest" name="webPageTitle" time="0.000">
    <skipped/>
  </testcase> <!-- webPageTitle -->
  <testcase classname="TestNGSuites.ForgetPageSuiteTest" name="webPageTitle" time="0.000">
    <skipped/>
  </testcase> <!-- webPageTitle -->
  <testcase classname="TestNGSuites.ForgetPageSuiteTest" name="webPageTitle" time="0.000">
    <skipped/>
  </testcase> <!-- webPageTitle -->
  <testcase classname="TestNGSuites.ForgetPageSuiteTest" name="webPageURl" time="0.000">
    <skipped/>
  </testcase> <!-- webPageURl -->
  <testcase classname="TestNGSuites.ForgetPageSuiteTest" name="webPageURl" time="0.000">
    <skipped/>
  </testcase> <!-- webPageURl -->
  <testcase classname="TestNGSuites.ForgetPageSuiteTest" name="webPageURl" time="0.000">
    <skipped/>
  </testcase> <!-- webPageURl -->
</testsuite> <!-- TestNGSuites.ForgetPageSuiteTest -->
